2025-04-11 19:02:30,094 - autopilot - INFO - ArduCopter V4.5.7 (b7207551)
2025-04-11 19:02:30,095 - autopilot - INFO - seol_desktop
2025-04-11 19:02:30,095 - autopilot - INFO - Frame: QUAD/PLUS
2025-04-11 19:02:30,831 - app.services.drone_service - INFO - Drone drone1 connected successfully
2025-04-11 19:03:38,691 - autopilot - WARNING - Mode change to AUTO failed: init failed
2025-04-11 19:03:38,691 - autopilot - WARNING - Mode change to AUTO failed: init failed
2025-04-11 19:03:38,692 - autopilot - WARNING - Mode change to AUTO failed: init failed
2025-04-11 19:14:27,975 - autopilot - INFO - ArduCopter V4.5.7 (b7207551)
2025-04-11 19:14:27,975 - autopilot - INFO - seol_desktop
2025-04-11 19:14:27,975 - autopilot - INFO - Frame: QUAD/PLUS
2025-04-11 19:14:28,717 - app.services.drone_service - INFO - Drone drone1 connected successfully
2025-04-11 19:14:48,502 - autopilot - WARNING - Mode change to AUTO failed: init failed
2025-04-11 19:14:48,502 - autopilot - WARNING - Mode change to AUTO failed: init failed
2025-04-11 19:14:48,502 - autopilot - WARNING - Mode change to AUTO failed: init failed
2025-04-11 19:43:31,597 - app.services.drone_service - ERROR - Failed to connect to drone drone1: No module named 'dronekit'
2025-04-11 19:44:51,945 - app.services.drone_service - ERROR - Failed to connect to drone drone1: No module named 'dronekit'
2025-04-11 19:52:04,570 - autopilot - INFO - ArduCopter V4.5.7 (b7207551)
2025-04-11 19:52:04,570 - autopilot - INFO - seol_desktop
2025-04-11 19:52:04,570 - autopilot - INFO - Frame: QUAD/PLUS
2025-04-11 19:52:05,285 - app.services.drone_service - INFO - Drone drone1 connected successfully
